<?xml version="1.0" encoding="UTF-8" ?>
<testsuite failures="0" time="0.291" errors="0" skipped="0" tests="4" name="com.yihaomen.test.mybatisTest">
  <properties>
[...]
</properties>
  <testcase time="0.279" classname="com.yihaomen.test.mybatisTest" name="addUser"/>
  <testcase time="0.01" classname="com.yihaomen.test.mybatisTest" name="updateUser"/>
  <testcase time="0.001" classname="com.yihaomen.test.mybatisTest" name="deleteUser"/>
  <testcase time="0.001" classname="com.yihaomen.test.mybatisTest" name="getUserList"/>
</testsuite>